Build started 1/28/2013 10:44:20 PM.
     1>Project "D:\Tools\Dev\Workspace\VS2010\Projects\cpprimer\cpprimer\cpprimer.vcxproj" on node 2 (build target(s)).
     1>InitializeBuildStatus:
         Creating "Debug\cpprimer.unsuccessfulbuild" because "AlwaysCreate" was specified.
       ClCompile:
         All outputs are up-to-date.
         D:\tools\Dev\VS2010\VC\bin\CL.exe /c /ZI /nologo /W3 /WX- /Od /Oy- /D WIN32 /D _DEBUG /D _CONSOLE /D _UNICODE /D UNICODE /Gm /EHsc /RTC1 /MDd /GS /fp:precise /Zc:wchar_t /Zc:forScope /Yu"StdAfx.h" /Fp"Debug\cpprimer.pch" /FAs /Fa"Debug\\" /Fo"Debug\\" /Fd"Debug\vc100.pdb" /Gd /TP /analyze- /errorReport:prompt golfrun.cpp
         golfrun.cpp
       ManifestResourceCompile:
         All outputs are up-to-date.
       Link:
         D:\tools\Dev\VS2010\VC\bin\link.exe /ERRORREPORT:PROMPT /OUT:"D:\Tools\Dev\Workspace\VS2010\Projects\cpprimer\Debug\cpprimer.exe" /INCREMENTAL /NOLOGO kernel32.lib user32.lib gdi32.lib winspool.lib comdlg32.lib advapi32.lib shell32.lib ole32.lib oleaut32.lib uuid.lib odbc32.lib odbccp32.lib /MANIFEST /ManifestFile:"Debug\cpprimer.exe.intermediate.manifest" /MANIFESTUAC:"level='asInvoker' uiAccess='false'" /DEBUG /PDB:"D:\Tools\Dev\Workspace\VS2010\Projects\cpprimer\Debug\cpprimer.pdb" /SUBSYSTEM:CONSOLE /TLBID:1 /DYNAMICBASE /NXCOMPAT /IMPLIB:"D:\Tools\Dev\Workspace\VS2010\Projects\cpprimer\Debug\cpprimer.lib" /MACHINE:X86 Debug\cpprimer.exe.embed.manifest.res
         Debug\golf.obj
         Debug\golfrun.obj
         Debug\stdafx.obj
       Manifest:
         C:\Program Files (x86)\Microsoft SDKs\Windows\v7.0A\bin\mt.exe /nologo /verbose /out:"Debug\cpprimer.exe.embed.manifest" /manifest Debug\cpprimer.exe.intermediate.manifest
         All outputs are up-to-date.
       LinkEmbedManifest:
         All outputs are up-to-date.
         cpprimer.vcxproj -> D:\Tools\Dev\Workspace\VS2010\Projects\cpprimer\Debug\cpprimer.exe
       FinalizeBuildStatus:
         Deleting file "Debug\cpprimer.unsuccessfulbuild".
         Touching "Debug\cpprimer.lastbuildstate".
     1>Done Building Project "D:\Tools\Dev\Workspace\VS2010\Projects\cpprimer\cpprimer\cpprimer.vcxproj" (build target(s)).

Build succeeded.

Time Elapsed 00:00:00.59
