D:\TOOLS\DEV\WORKSPACE\VS2010\PROJECTS\CPPRIMER\CPPRIMER\DEBUG\CH10_EX2DEF.ASM
D:\TOOLS\DEV\WORKSPACE\VS2010\PROJECTS\CPPRIMER\CPPRIMER\DEBUG\CH10_EX2DEF.OBJ
D:\TOOLS\DEV\WORKSPACE\VS2010\PROJECTS\CPPRIMER\CPPRIMER\DEBUG\CH10_EX2MAIN.ASM
D:\TOOLS\DEV\WORKSPACE\VS2010\PROJECTS\CPPRIMER\CPPRIMER\DEBUG\CH10_EX2MAIN.OBJ
D:\Tools\Dev\Workspace\VS2010\Projects\cpprimer\cpprimer\Debug\cl.command.1.tlog
D:\Tools\Dev\Workspace\VS2010\Projects\cpprimer\cpprimer\Debug\CL.read.1.tlog
D:\Tools\Dev\Workspace\VS2010\Projects\cpprimer\cpprimer\Debug\CL.write.1.tlog
D:\TOOLS\DEV\WORKSPACE\VS2010\PROJECTS\CPPRIMER\CPPRIMER\DEBUG\CPPRIMER.EXE.EMBED.MANIFEST
D:\TOOLS\DEV\WORKSPACE\VS2010\PROJECTS\CPPRIMER\CPPRIMER\DEBUG\CPPRIMER.EXE.EMBED.MANIFEST.RES
D:\TOOLS\DEV\WORKSPACE\VS2010\PROJECTS\CPPRIMER\CPPRIMER\DEBUG\CPPRIMER.EXE.INTERMEDIATE.MANIFEST
D:\TOOLS\DEV\WORKSPACE\VS2010\PROJECTS\CPPRIMER\CPPRIMER\DEBUG\CPPRIMER.PCH
D:\Tools\Dev\Workspace\VS2010\Projects\cpprimer\cpprimer\Debug\cpprimer_manifest.rc
D:\Tools\Dev\Workspace\VS2010\Projects\cpprimer\cpprimer\Debug\link.4932.read.1.tlog
D:\Tools\Dev\Workspace\VS2010\Projects\cpprimer\cpprimer\Debug\link.4932.write.1.tlog
D:\Tools\Dev\Workspace\VS2010\Projects\cpprimer\cpprimer\Debug\link.4932-cvtres.read.1.tlog
D:\Tools\Dev\Workspace\VS2010\Projects\cpprimer\cpprimer\Debug\link.4932-cvtres.write.1.tlog
D:\Tools\Dev\Workspace\VS2010\Projects\cpprimer\cpprimer\Debug\link.command.1.tlog
D:\Tools\Dev\Workspace\VS2010\Projects\cpprimer\cpprimer\Debug\link.read.1.tlog
D:\Tools\Dev\Workspace\VS2010\Projects\cpprimer\cpprimer\Debug\link.write.1.tlog
D:\Tools\Dev\Workspace\VS2010\Projects\cpprimer\cpprimer\Debug\link-cvtres.read.1.tlog
D:\Tools\Dev\Workspace\VS2010\Projects\cpprimer\cpprimer\Debug\link-cvtres.write.1.tlog
D:\Tools\Dev\Workspace\VS2010\Projects\cpprimer\cpprimer\Debug\mt.command.1.tlog
D:\Tools\Dev\Workspace\VS2010\Projects\cpprimer\cpprimer\Debug\mt.read.1.tlog
D:\Tools\Dev\Workspace\VS2010\Projects\cpprimer\cpprimer\Debug\mt.write.1.tlog
D:\Tools\Dev\Workspace\VS2010\Projects\cpprimer\cpprimer\Debug\rc.command.1.tlog
D:\Tools\Dev\Workspace\VS2010\Projects\cpprimer\cpprimer\Debug\rc.read.1.tlog
D:\Tools\Dev\Workspace\VS2010\Projects\cpprimer\cpprimer\Debug\rc.write.1.tlog
D:\TOOLS\DEV\WORKSPACE\VS2010\PROJECTS\CPPRIMER\CPPRIMER\DEBUG\STDAFX.ASM
D:\TOOLS\DEV\WORKSPACE\VS2010\PROJECTS\CPPRIMER\CPPRIMER\DEBUG\STDAFX.OBJ
D:\Tools\Dev\Workspace\VS2010\Projects\cpprimer\cpprimer\Debug\vc100.idb
D:\TOOLS\DEV\WORKSPACE\VS2010\PROJECTS\CPPRIMER\CPPRIMER\DEBUG\VC100.PDB
D:\TOOLS\DEV\WORKSPACE\VS2010\PROJECTS\CPPRIMER\DEBUG\CPPRIMER.EXE
D:\TOOLS\DEV\WORKSPACE\VS2010\PROJECTS\CPPRIMER\DEBUG\CPPRIMER.ILK
D:\TOOLS\DEV\WORKSPACE\VS2010\PROJECTS\CPPRIMER\DEBUG\CPPRIMER.PDB
